   0  $accept : s $end

   1  s : main_func
   2    | functional_declaration s

   3  functional_declaration : func_type func_declarator compound_statement

   4  var_type : INT
   5           | CHAR
   6           | FLOAT

   7  func_type : var_type
   8            | VOID

   9  func_declarator : IDENTIFIER LEFT_ROUND RIGHT_ROUND
  10                  | IDENTIFIER LEFT_ROUND param_list RIGHT_ROUND

  11  param_list : declare_var
  12             | declare_var COMMA param_list

  13  declare_var : var_type IDENTIFIER

  14  main_func : MAIN_FUNCTION LEFT_ROUND RIGHT_ROUND compound_statement
  15            | INT MAIN_FUNCTION LEFT_ROUND RIGHT_ROUND compound_statement
  16            | VOID MAIN_FUNCTION LEFT_ROUND RIGHT_ROUND compound_statement

  17  compound_statement : LEFT_CURLY RIGHT_CURLY
  18                     | LEFT_CURLY statement_list RIGHT_CURLY

  19  statement_list : single_statement
  20                 | single_statement statement_list

  21  single_statement : switch_statment
  22                   | expr
  23                   | if_statement
  24                   | print_statement
  25                   | scanf_statement
  26                   | for_statement
  27                   | return_statement
  28                   | while_statement
  29                   | jump_statement
  30                   | declaration
  31                   | compound_statement

  32  jump_statement : BREAK SEMICOLON
  33                 | CONTINUE SEMICOLON

  34  return_statement : RETURN expr

  35  expr : SEMICOLON
  36       | expression_statement SEMICOLON
  37       | expr COMMA expr SEMICOLON

  38  expression_statement : expression_statement OR_OP expression_statement
  39                       | expression_statement AND_OP expression_statement
  40                       | expression_statement GT_OP expression_statement
  41                       | expression_statement LT_OP expression_statement
  42                       | expression_statement GE_OP expression_statement
  43                       | expression_statement LE_OP expression_statement
  44                       | expression_statement PLUS expression_statement
  45                       | expression_statement HYPHEN expression_statement
  46                       | expression_statement STAR expression_statement
  47                       | expression_statement SLASH expression_statement
  48                       | expression_statement PERCENT expression_statement
  49                       | expression_statement EQ_OP expression_statement
  50                       | expression_statement NE_OP expression_statement
  51                       | unary_expr
  52                       | assignment_statement
  53                       | functional_call
  54                       | LEFT_ROUND expression_statement RIGHT_ROUND
  55                       | I_CONSTANT
  56                       | F_CONSTANT
  57                       | STRING_LITERAL
  58                       | arr_element
  59                       | IDENTIFIER

  60  unary_expr : EXCLAMATION expression_statement
  61             | HYPHEN expression_statement

  62  functional_call : IDENTIFIER LEFT_ROUND RIGHT_ROUND
  63                  | IDENTIFIER LEFT_ROUND arg_list RIGHT_ROUND

  64  arg_list : arg
  65           | arg COMMA arg_list

  66  arg : F_CONSTANT
  67      | I_CONSTANT
  68      | IDENTIFIER
  69      | STRING_LITERAL

  70  arr_element : IDENTIFIER LEFT_SQUARE I_CONSTANT RIGHT_SQUARE
  71              | IDENTIFIER LEFT_SQUARE I_CONSTANT RIGHT_SQUARE LEFT_SQUARE I_CONSTANT RIGHT_SQUARE

  72  assignment_statement : IDENTIFIER EQUAL_SIGN expression_statement
  73                       | arr_element EQUAL_SIGN expression_statement

  74  switch_statment : SWITCH LEFT_ROUND expression_statement RIGHT_ROUND LEFT_CURLY case_list_def RIGHT_CURLY

  75  case_list_def : case_list
  76                | case_list default_stmt
  77                |

  78  case_list : case
  79            | case_list case

  80  case : CASE expression_statement COLON statement_list
  81       | CASE expression_statement COLON

  82  default_stmt : DEFAULT COLON statement_list
  83               | DEFAULT COLON

  84  if_statement : IF LEFT_ROUND expression_statement RIGHT_ROUND single_statement else_clause

  85  else_clause : ELSE single_statement
  86              |

  87  for_loop_assignment : assignment_statement
  88                      | assignment_statement COMMA for_loop_assignment
  89                      |

  90  for_loop_declaration : declaration
  91                       | SEMICOLON

  92  for_statement : FOR LEFT_ROUND for_loop_declaration expr for_loop_assignment RIGHT_ROUND statement_list

  93  declaration : var_type init_declarator_list SEMICOLON

  94  init_declarator_list : init_declarator_list COMMA init_declarator
  95                       | init_declarator

  96  init_declarator : declarator_var EQUAL_SIGN expression_statement
  97                  | declarator_var
  98                  | declarator_arr

  99  declarator_var : IDENTIFIER

 100  declarator_arr : IDENTIFIER LEFT_SQUARE expression_statement RIGHT_SQUARE
 101                 | IDENTIFIER LEFT_SQUARE expression_statement RIGHT_SQUARE LEFT_SQUARE expression_statement RIGHT_SQUARE

 102  while_statement : WHILE LEFT_ROUND expression_statement RIGHT_ROUND statement_list

 103  print_statement : PRINTF_TOKEN LEFT_ROUND STRING_LITERAL RIGHT_ROUND SEMICOLON
 104                  | PRINTF_TOKEN LEFT_ROUND STRING_LITERAL COMMA print_params RIGHT_ROUND SEMICOLON

 105  print_params : IDENTIFIER
 106               | IDENTIFIER COMMA print_params

 107  scanf_statement : SCANF_TOKEN LEFT_ROUND STRING_LITERAL COMMA addr_list RIGHT_ROUND SEMICOLON

 108  addr_list : addr
 109            | addr COMMA addr_list

 110  addr : AMPERSAND IDENTIFIER

state 0
	$accept : . s $end  (0)

	CHAR  shift 1
	FLOAT  shift 2
	INT  shift 3
	VOID  shift 4
	MAIN_FUNCTION  shift 5
	.  error

	s  goto 6
	main_func  goto 7
	functional_declaration  goto 8
	func_type  goto 9
	var_type  goto 10


state 1
	var_type : CHAR .  (5)

	.  reduce 5


state 2
	var_type : FLOAT .  (6)

	.  reduce 6


state 3
	var_type : INT .  (4)
	main_func : INT . MAIN_FUNCTION LEFT_ROUND RIGHT_ROUND compound_statement  (15)

	MAIN_FUNCTION  shift 11
	IDENTIFIER  reduce 4


state 4
	func_type : VOID .  (8)
	main_func : VOID . MAIN_FUNCTION LEFT_ROUND RIGHT_ROUND compound_statement  (16)

	MAIN_FUNCTION  shift 12
	IDENTIFIER  reduce 8


state 5
	main_func : MAIN_FUNCTION . LEFT_ROUND RIGHT_ROUND compound_statement  (14)

	LEFT_ROUND  shift 13
	.  error


state 6
	$accept : s . $end  (0)

	$end  accept


state 7
	s : main_func .  (1)

	.  reduce 1


state 8
	s : functional_declaration . s  (2)

	CHAR  shift 1
	FLOAT  shift 2
	INT  shift 3
	VOID  shift 4
	MAIN_FUNCTION  shift 5
	.  error

	s  goto 14
	main_func  goto 7
	functional_declaration  goto 8
	func_type  goto 9
	var_type  goto 10


state 9
	functional_declaration : func_type . func_declarator compound_statement  (3)

	IDENTIFIER  shift 15
	.  error

	func_declarator  goto 16


state 10
	func_type : var_type .  (7)

	.  reduce 7


state 11
	main_func : INT MAIN_FUNCTION . LEFT_ROUND RIGHT_ROUND compound_statement  (15)

	LEFT_ROUND  shift 17
	.  error


state 12
	main_func : VOID MAIN_FUNCTION . LEFT_ROUND RIGHT_ROUND compound_statement  (16)

	LEFT_ROUND  shift 18
	.  error


state 13
	main_func : MAIN_FUNCTION LEFT_ROUND . RIGHT_ROUND compound_statement  (14)

	RIGHT_ROUND  shift 19
	.  error


state 14
	s : functional_declaration s .  (2)

	.  reduce 2


state 15
	func_declarator : IDENTIFIER . LEFT_ROUND RIGHT_ROUND  (9)
	func_declarator : IDENTIFIER . LEFT_ROUND param_list RIGHT_ROUND  (10)

	LEFT_ROUND  shift 20
	.  error


state 16
	functional_declaration : func_type func_declarator . compound_statement  (3)

	LEFT_CURLY  shift 21
	.  error

	compound_statement  goto 22


state 17
	main_func : INT MAIN_FUNCTION LEFT_ROUND . RIGHT_ROUND compound_statement  (15)

	RIGHT_ROUND  shift 23
	.  error


state 18
	main_func : VOID MAIN_FUNCTION LEFT_ROUND . RIGHT_ROUND compound_statement  (16)

	RIGHT_ROUND  shift 24
	.  error


state 19
	main_func : MAIN_FUNCTION LEFT_ROUND RIGHT_ROUND . compound_statement  (14)

	LEFT_CURLY  shift 21
	.  error

	compound_statement  goto 25


state 20
	func_declarator : IDENTIFIER LEFT_ROUND . RIGHT_ROUND  (9)
	func_declarator : IDENTIFIER LEFT_ROUND . param_list RIGHT_ROUND  (10)

	CHAR  shift 1
	FLOAT  shift 2
	INT  shift 26
	RIGHT_ROUND  shift 27
	.  error

	var_type  goto 28
	param_list  goto 29
	declare_var  goto 30


state 21
	compound_statement : LEFT_CURLY . RIGHT_CURLY  (17)
	compound_statement : LEFT_CURLY . statement_list RIGHT_CURLY  (18)

	BREAK  shift 31
	CHAR  shift 1
	CONTINUE  shift 32
	FLOAT  shift 2
	FOR  shift 33
	IF  shift 34
	RETURN  shift 35
	INT  shift 26
	SWITCH  shift 36
	WHILE  shift 37
	IDENTIFIER  shift 38
	STRING_LITERAL  shift 39
	I_CONSTANT  shift 40
	F_CONSTANT  shift 41
	SEMICOLON  shift 42
	LEFT_CURLY  shift 21
	RIGHT_CURLY  shift 43
	LEFT_ROUND  shift 44
	EXCLAMATION  shift 45
	HYPHEN  shift 46
	PRINTF_TOKEN  shift 47
	SCANF_TOKEN  shift 48
	.  error

	compound_statement  goto 49
	var_type  goto 50
	statement_list  goto 51
	single_statement  goto 52
	switch_statment  goto 53
	expr  goto 54
	if_statement  goto 55
	print_statement  goto 56
	scanf_statement  goto 57
	for_statement  goto 58
	return_statement  goto 59
	while_statement  goto 60
	jump_statement  goto 61
	declaration  goto 62
	expression_statement  goto 63
	unary_expr  goto 64
	assignment_statement  goto 65
	functional_call  goto 66
	arr_element  goto 67


state 22
	functional_declaration : func_type func_declarator compound_statement .  (3)

	.  reduce 3


state 23
	main_func : INT MAIN_FUNCTION LEFT_ROUND RIGHT_ROUND . compound_statement  (15)

	LEFT_CURLY  shift 21
	.  error

	compound_statement  goto 68


state 24
	main_func : VOID MAIN_FUNCTION LEFT_ROUND RIGHT_ROUND . compound_statement  (16)

	LEFT_CURLY  shift 21
	.  error

	compound_statement  goto 69


state 25
	main_func : MAIN_FUNCTION LEFT_ROUND RIGHT_ROUND compound_statement .  (14)

	.  reduce 14


state 26
	var_type : INT .  (4)

	.  reduce 4


state 27
	func_declarator : IDENTIFIER LEFT_ROUND RIGHT_ROUND .  (9)

	.  reduce 9


state 28
	declare_var : var_type . IDENTIFIER  (13)

	IDENTIFIER  shift 70
	.  error


state 29
	func_declarator : IDENTIFIER LEFT_ROUND param_list . RIGHT_ROUND  (10)

	RIGHT_ROUND  shift 71
	.  error


state 30
	param_list : declare_var .  (11)
	param_list : declare_var . COMMA param_list  (12)

	COMMA  shift 72
	RIGHT_ROUND  reduce 11


state 31
	jump_statement : BREAK . SEMICOLON  (32)

	SEMICOLON  shift 73
	.  error


state 32
	jump_statement : CONTINUE . SEMICOLON  (33)

	SEMICOLON  shift 74
	.  error


state 33
	for_statement : FOR . LEFT_ROUND for_loop_declaration expr for_loop_assignment RIGHT_ROUND statement_list  (92)

	LEFT_ROUND  shift 75
	.  error


state 34
	if_statement : IF . LEFT_ROUND expression_statement RIGHT_ROUND single_statement else_clause  (84)

	LEFT_ROUND  shift 76
	.  error


state 35
	return_statement : RETURN . expr  (34)

	IDENTIFIER  shift 38
	STRING_LITERAL  shift 39
	I_CONSTANT  shift 40
	F_CONSTANT  shift 41
	SEMICOLON  shift 42
	LEFT_ROUND  shift 44
	EXCLAMATION  shift 45
	HYPHEN  shift 46
	.  error

	expr  goto 77
	expression_statement  goto 63
	unary_expr  goto 64
	assignment_statement  goto 65
	functional_call  goto 66
	arr_element  goto 67


state 36
	switch_statment : SWITCH . LEFT_ROUND expression_statement RIGHT_ROUND LEFT_CURLY case_list_def RIGHT_CURLY  (74)

	LEFT_ROUND  shift 78
	.  error


state 37
	while_statement : WHILE . LEFT_ROUND expression_statement RIGHT_ROUND statement_list  (102)

	LEFT_ROUND  shift 79
	.  error


state 38
	expression_statement : IDENTIFIER .  (59)
	functional_call : IDENTIFIER . LEFT_ROUND RIGHT_ROUND  (62)
	functional_call : IDENTIFIER . LEFT_ROUND arg_list RIGHT_ROUND  (63)
	arr_element : IDENTIFIER . LEFT_SQUARE I_CONSTANT RIGHT_SQUARE  (70)
	arr_element : IDENTIFIER . LEFT_SQUARE I_CONSTANT RIGHT_SQUARE LEFT_SQUARE I_CONSTANT RIGHT_SQUARE  (71)
	assignment_statement : IDENTIFIER . EQUAL_SIGN expression_statement  (72)

	EQUAL_SIGN  shift 80
	LEFT_ROUND  shift 81
	LEFT_SQUARE  shift 82
	AND_OP  reduce 59
	OR_OP  reduce 59
	LE_OP  reduce 59
	GE_OP  reduce 59
	EQ_OP  reduce 59
	NE_OP  reduce 59
	SEMICOLON  reduce 59
	COMMA  reduce 59
	COLON  reduce 59
	RIGHT_ROUND  reduce 59
	RIGHT_SQUARE  reduce 59
	HYPHEN  reduce 59
	PLUS  reduce 59
	STAR  reduce 59
	SLASH  reduce 59
	LT_OP  reduce 59
	GT_OP  reduce 59
	PERCENT  reduce 59


state 39
	expression_statement : STRING_LITERAL .  (57)

	.  reduce 57


state 40
	expression_statement : I_CONSTANT .  (55)

	.  reduce 55


state 41
	expression_statement : F_CONSTANT .  (56)

	.  reduce 56


state 42
	expr : SEMICOLON .  (35)

	.  reduce 35


state 43
	compound_statement : LEFT_CURLY RIGHT_CURLY .  (17)

	.  reduce 17


state 44
	expression_statement : LEFT_ROUND . expression_statement RIGHT_ROUND  (54)

	IDENTIFIER  shift 38
	STRING_LITERAL  shift 39
	I_CONSTANT  shift 40
	F_CONSTANT  shift 41
	LEFT_ROUND  shift 44
	EXCLAMATION  shift 45
	HYPHEN  shift 46
	.  error

	expression_statement  goto 83
	unary_expr  goto 64
	assignment_statement  goto 65
	functional_call  goto 66
	arr_element  goto 67


state 45
	unary_expr : EXCLAMATION . expression_statement  (60)

	IDENTIFIER  shift 38
	STRING_LITERAL  shift 39
	I_CONSTANT  shift 40
	F_CONSTANT  shift 41
	LEFT_ROUND  shift 44
	EXCLAMATION  shift 45
	HYPHEN  shift 46
	.  error

	expression_statement  goto 84
	unary_expr  goto 64
	assignment_statement  goto 65
	functional_call  goto 66
	arr_element  goto 67


state 46
	unary_expr : HYPHEN . expression_statement  (61)

	IDENTIFIER  shift 38
	STRING_LITERAL  shift 39
	I_CONSTANT  shift 40
	F_CONSTANT  shift 41
	LEFT_ROUND  shift 44
	EXCLAMATION  shift 45
	HYPHEN  shift 46
	.  error

	expression_statement  goto 85
	unary_expr  goto 64
	assignment_statement  goto 65
	functional_call  goto 66
	arr_element  goto 67


state 47
	print_statement : PRINTF_TOKEN . LEFT_ROUND STRING_LITERAL RIGHT_ROUND SEMICOLON  (103)
	print_statement : PRINTF_TOKEN . LEFT_ROUND STRING_LITERAL COMMA print_params RIGHT_ROUND SEMICOLON  (104)

	LEFT_ROUND  shift 86
	.  error


state 48
	scanf_statement : SCANF_TOKEN . LEFT_ROUND STRING_LITERAL COMMA addr_list RIGHT_ROUND SEMICOLON  (107)

	LEFT_ROUND  shift 87
	.  error


state 49
	single_statement : compound_statement .  (31)

	.  reduce 31


state 50
	declaration : var_type . init_declarator_list SEMICOLON  (93)

	IDENTIFIER  shift 88
	.  error

	init_declarator_list  goto 89
	init_declarator  goto 90
	declarator_var  goto 91
	declarator_arr  goto 92


state 51
	compound_statement : LEFT_CURLY statement_list . RIGHT_CURLY  (18)

	RIGHT_CURLY  shift 93
	.  error


52: shift/reduce conflict (shift 31, reduce 19) on BREAK
52: shift/reduce conflict (shift 1, reduce 19) on CHAR
52: shift/reduce conflict (shift 32, reduce 19) on CONTINUE
52: shift/reduce conflict (shift 2, reduce 19) on FLOAT
52: shift/reduce conflict (shift 33, reduce 19) on FOR
52: shift/reduce conflict (shift 34, reduce 19) on IF
52: shift/reduce conflict (shift 35, reduce 19) on RETURN
52: shift/reduce conflict (shift 26, reduce 19) on INT
52: shift/reduce conflict (shift 36, reduce 19) on SWITCH
52: shift/reduce conflict (shift 37, reduce 19) on WHILE
52: shift/reduce conflict (shift 38, reduce 19) on IDENTIFIER
52: shift/reduce conflict (shift 39, reduce 19) on STRING_LITERAL
52: shift/reduce conflict (shift 40, reduce 19) on I_CONSTANT
52: shift/reduce conflict (shift 41, reduce 19) on F_CONSTANT
52: shift/reduce conflict (shift 42, reduce 19) on SEMICOLON
52: shift/reduce conflict (shift 21, reduce 19) on LEFT_CURLY
52: shift/reduce conflict (shift 44, reduce 19) on LEFT_ROUND
52: shift/reduce conflict (shift 45, reduce 19) on EXCLAMATION
52: shift/reduce conflict (shift 46, reduce 19) on HYPHEN
52: shift/reduce conflict (shift 47, reduce 19) on PRINTF_TOKEN
52: shift/reduce conflict (shift 48, reduce 19) on SCANF_TOKEN
state 52
	statement_list : single_statement .  (19)
	statement_list : single_statement . statement_list  (20)

	BREAK  shift 31
	CHAR  shift 1
	CONTINUE  shift 32
	FLOAT  shift 2
	FOR  shift 33
	IF  shift 34
	RETURN  shift 35
	INT  shift 26
	SWITCH  shift 36
	WHILE  shift 37
	IDENTIFIER  shift 38
	STRING_LITERAL  shift 39
	I_CONSTANT  shift 40
	F_CONSTANT  shift 41
	SEMICOLON  shift 42
	LEFT_CURLY  shift 21
	LEFT_ROUND  shift 44
	EXCLAMATION  shift 45
	HYPHEN  shift 46
	PRINTF_TOKEN  shift 47
	SCANF_TOKEN  shift 48
	CASE  reduce 19
	DEFAULT  reduce 19
	ELSE  reduce 19
	RIGHT_CURLY  reduce 19

	compound_statement  goto 49
	var_type  goto 50
	statement_list  goto 94
	single_statement  goto 52
	switch_statment  goto 53
	expr  goto 54
	if_statement  goto 55
	print_statement  goto 56
	scanf_statement  goto 57
	for_statement  goto 58
	return_statement  goto 59
	while_statement  goto 60
	jump_statement  goto 61
	declaration  goto 62
	expression_statement  goto 63
	unary_expr  goto 64
	assignment_statement  goto 65
	functional_call  goto 66
	arr_element  goto 67


state 53
	single_statement : switch_statment .  (21)

	.  reduce 21


state 54
	single_statement : expr .  (22)
	expr : expr . COMMA expr SEMICOLON  (37)

	COMMA  shift 95
	BREAK  reduce 22
	CASE  reduce 22
	CHAR  reduce 22
	CONTINUE  reduce 22
	DEFAULT  reduce 22
	ELSE  reduce 22
	FLOAT  reduce 22
	FOR  reduce 22
	IF  reduce 22
	RETURN  reduce 22
	INT  reduce 22
	SWITCH  reduce 22
	WHILE  reduce 22
	IDENTIFIER  reduce 22
	STRING_LITERAL  reduce 22
	I_CONSTANT  reduce 22
	F_CONSTANT  reduce 22
	SEMICOLON  reduce 22
	LEFT_CURLY  reduce 22
	RIGHT_CURLY  reduce 22
	LEFT_ROUND  reduce 22
	EXCLAMATION  reduce 22
	HYPHEN  reduce 22
	PRINTF_TOKEN  reduce 22
	SCANF_TOKEN  reduce 22


state 55
	single_statement : if_statement .  (23)

	.  reduce 23


state 56
	single_statement : print_statement .  (24)

	.  reduce 24


state 57
	single_statement : scanf_statement .  (25)

	.  reduce 25


state 58
	single_statement : for_statement .  (26)

	.  reduce 26


state 59
	single_statement : return_statement .  (27)

	.  reduce 27


state 60
	single_statement : while_statement .  (28)

	.  reduce 28


state 61
	single_statement : jump_statement .  (29)

	.  reduce 29


state 62
	single_statement : declaration .  (30)

	.  reduce 30


state 63
	expr : expression_statement . SEMICOLON  (36)
	expression_statement : expression_statement . OR_OP expression_statement  (38)
	expression_statement : expression_statement . AND_OP expression_statement  (39)
	expression_statement : expression_statement . GT_OP expression_statement  (40)
	expression_statement : expression_statement . LT_OP expression_statement  (41)
	expression_statement : expression_statement . GE_OP expression_statement  (42)
	expression_statement : expression_statement . LE_OP expression_statement  (43)
	expression_statement : expression_statement . PLUS expression_statement  (44)
	expression_statement : expression_statement . HYPHEN expression_statement  (45)
	expression_statement : expression_statement . STAR expression_statement  (46)
	expression_statement : expression_statement . SLASH expression_statement  (47)
	expression_statement : expression_statement . PERCENT expression_statement  (48)
	expression_statement : expression_statement . EQ_OP expression_statement  (49)
	expression_statement : expression_statement . NE_OP expression_statement  (50)

	AND_OP  shift 96
	OR_OP  shift 97
	LE_OP  shift 98
	GE_OP  shift 99
	EQ_OP  shift 100
	NE_OP  shift 101
	SEMICOLON  shift 102
	HYPHEN  shift 103
	PLUS  shift 104
	STAR  shift 105
	SLASH  shift 106
	LT_OP  shift 107
	GT_OP  shift 108
	PERCENT  shift 109
	.  error


state 64
	expression_statement : unary_expr .  (51)

	.  reduce 51


state 65
	expression_statement : assignment_statement .  (52)

	.  reduce 52


state 66
	expression_statement : functional_call .  (53)

	.  reduce 53


state 67
	expression_statement : arr_element .  (58)
	assignment_statement : arr_element . EQUAL_SIGN expression_statement  (73)

	EQUAL_SIGN  shift 110
	AND_OP  reduce 58
	OR_OP  reduce 58
	LE_OP  reduce 58
	GE_OP  reduce 58
	EQ_OP  reduce 58
	NE_OP  reduce 58
	SEMICOLON  reduce 58
	COMMA  reduce 58
	COLON  reduce 58
	RIGHT_ROUND  reduce 58
	RIGHT_SQUARE  reduce 58
	HYPHEN  reduce 58
	PLUS  reduce 58
	STAR  reduce 58
	SLASH  reduce 58
	LT_OP  reduce 58
	GT_OP  reduce 58
	PERCENT  reduce 58


state 68
	main_func : INT MAIN_FUNCTION LEFT_ROUND RIGHT_ROUND compound_statement .  (15)

	.  reduce 15


state 69
	main_func : VOID MAIN_FUNCTION LEFT_ROUND RIGHT_ROUND compound_statement .  (16)

	.  reduce 16


state 70
	declare_var : var_type IDENTIFIER .  (13)

	.  reduce 13


state 71
	func_declarator : IDENTIFIER LEFT_ROUND param_list RIGHT_ROUND .  (10)

	.  reduce 10


state 72
	param_list : declare_var COMMA . param_list  (12)

	CHAR  shift 1
	FLOAT  shift 2
	INT  shift 26
	.  error

	var_type  goto 28
	param_list  goto 111
	declare_var  goto 30


state 73
	jump_statement : BREAK SEMICOLON .  (32)

	.  reduce 32


state 74
	jump_statement : CONTINUE SEMICOLON .  (33)

	.  reduce 33


state 75
	for_statement : FOR LEFT_ROUND . for_loop_declaration expr for_loop_assignment RIGHT_ROUND statement_list  (92)

	CHAR  shift 1
	FLOAT  shift 2
	INT  shift 26
	SEMICOLON  shift 112
	.  error

	var_type  goto 50
	declaration  goto 113
	for_loop_declaration  goto 114


state 76
	if_statement : IF LEFT_ROUND . expression_statement RIGHT_ROUND single_statement else_clause  (84)

	IDENTIFIER  shift 38
	STRING_LITERAL  shift 39
	I_CONSTANT  shift 40
	F_CONSTANT  shift 41
	LEFT_ROUND  shift 44
	EXCLAMATION  shift 45
	HYPHEN  shift 46
	.  error

	expression_statement  goto 115
	unary_expr  goto 64
	assignment_statement  goto 65
	functional_call  goto 66
	arr_element  goto 67


state 77
	return_statement : RETURN expr .  (34)
	expr : expr . COMMA expr SEMICOLON  (37)

	COMMA  shift 95
	BREAK  reduce 34
	CASE  reduce 34
	CHAR  reduce 34
	CONTINUE  reduce 34
	DEFAULT  reduce 34
	ELSE  reduce 34
	FLOAT  reduce 34
	FOR  reduce 34
	IF  reduce 34
	RETURN  reduce 34
	INT  reduce 34
	SWITCH  reduce 34
	WHILE  reduce 34
	IDENTIFIER  reduce 34
	STRING_LITERAL  reduce 34
	I_CONSTANT  reduce 34
	F_CONSTANT  reduce 34
	SEMICOLON  reduce 34
	LEFT_CURLY  reduce 34
	RIGHT_CURLY  reduce 34
	LEFT_ROUND  reduce 34
	EXCLAMATION  reduce 34
	HYPHEN  reduce 34
	PRINTF_TOKEN  reduce 34
	SCANF_TOKEN  reduce 34


state 78
	switch_statment : SWITCH LEFT_ROUND . expression_statement RIGHT_ROUND LEFT_CURLY case_list_def RIGHT_CURLY  (74)

	IDENTIFIER  shift 38
	STRING_LITERAL  shift 39
	I_CONSTANT  shift 40
	F_CONSTANT  shift 41
	LEFT_ROUND  shift 44
	EXCLAMATION  shift 45
	HYPHEN  shift 46
	.  error

	expression_statement  goto 116
	unary_expr  goto 64
	assignment_statement  goto 65
	functional_call  goto 66
	arr_element  goto 67


state 79
	while_statement : WHILE LEFT_ROUND . expression_statement RIGHT_ROUND statement_list  (102)

	IDENTIFIER  shift 38
	STRING_LITERAL  shift 39
	I_CONSTANT  shift 40
	F_CONSTANT  shift 41
	LEFT_ROUND  shift 44
	EXCLAMATION  shift 45
	HYPHEN  shift 46
	.  error

	expression_statement  goto 117
	unary_expr  goto 64
	assignment_statement  goto 65
	functional_call  goto 66
	arr_element  goto 67


state 80
	assignment_statement : IDENTIFIER EQUAL_SIGN . expression_statement  (72)

	IDENTIFIER  shift 38
	STRING_LITERAL  shift 39
	I_CONSTANT  shift 40
	F_CONSTANT  shift 41
	LEFT_ROUND  shift 44
	EXCLAMATION  shift 45
	HYPHEN  shift 46
	.  error

	expression_statement  goto 118
	unary_expr  goto 64
	assignment_statement  goto 65
	functional_call  goto 66
	arr_element  goto 67


state 81
	functional_call : IDENTIFIER LEFT_ROUND . RIGHT_ROUND  (62)
	functional_call : IDENTIFIER LEFT_ROUND . arg_list RIGHT_ROUND  (63)

	IDENTIFIER  shift 119
	STRING_LITERAL  shift 120
	I_CONSTANT  shift 121
	F_CONSTANT  shift 122
	RIGHT_ROUND  shift 123
	.  error

	arg_list  goto 124
	arg  goto 125


state 82
	arr_element : IDENTIFIER LEFT_SQUARE . I_CONSTANT RIGHT_SQUARE  (70)
	arr_element : IDENTIFIER LEFT_SQUARE . I_CONSTANT RIGHT_SQUARE LEFT_SQUARE I_CONSTANT RIGHT_SQUARE  (71)

	I_CONSTANT  shift 126
	.  error


state 83
	expression_statement : expression_statement . OR_OP expression_statement  (38)
	expression_statement : expression_statement . AND_OP expression_statement  (39)
	expression_statement : expression_statement . GT_OP expression_statement  (40)
	expression_statement : expression_statement . LT_OP expression_statement  (41)
	expression_statement : expression_statement . GE_OP expression_statement  (42)
	expression_statement : expression_statement . LE_OP expression_statement  (43)
	expression_statement : expression_statement . PLUS expression_statement  (44)
	expression_statement : expression_statement . HYPHEN expression_statement  (45)
	expression_statement : expression_statement . STAR expression_statement  (46)
	expression_statement : expression_statement . SLASH expression_statement  (47)
	expression_statement : expression_statement . PERCENT expression_statement  (48)
	expression_statement : expression_statement . EQ_OP expression_statement  (49)
	expression_statement : expression_statement . NE_OP expression_statement  (50)
	expression_statement : LEFT_ROUND expression_statement . RIGHT_ROUND  (54)

	AND_OP  shift 96
	OR_OP  shift 97
	LE_OP  shift 98
	GE_OP  shift 99
	EQ_OP  shift 100
	NE_OP  shift 101
	RIGHT_ROUND  shift 127
	HYPHEN  shift 103
	PLUS  shift 104
	STAR  shift 105
	SLASH  shift 106
	LT_OP  shift 107
	GT_OP  shift 108
	PERCENT  shift 109
	.  error


state 84
	expression_statement : expression_statement . OR_OP expression_statement  (38)
	expression_statement : expression_statement . AND_OP expression_statement  (39)
	expression_statement : expression_statement . GT_OP expression_statement  (40)
	expression_statement : expression_statement . LT_OP expression_statement  (41)
	expression_statement : expression_statement . GE_OP expression_statement  (42)
	expression_statement : expression_statement . LE_OP expression_statement  (43)
	expression_statement : expression_statement . PLUS expression_statement  (44)
	expression_statement : expression_statement . HYPHEN expression_statement  (45)
	expression_statement : expression_statement . STAR expression_statement  (46)
	expression_statement : expression_statement . SLASH expression_statement  (47)
	expression_statement : expression_statement . PERCENT expression_statement  (48)
	expression_statement : expression_statement . EQ_OP expression_statement  (49)
	expression_statement : expression_statement . NE_OP expression_statement  (50)
	unary_expr : EXCLAMATION expression_statement .  (60)

	.  reduce 60


state 85
	expression_statement : expression_statement . OR_OP expression_statement  (38)
	expression_statement : expression_statement . AND_OP expression_statement  (39)
	expression_statement : expression_statement . GT_OP expression_statement  (40)
	expression_statement : expression_statement . LT_OP expression_statement  (41)
	expression_statement : expression_statement . GE_OP expression_statement  (42)
	expression_statement : expression_statement . LE_OP expression_statement  (43)
	expression_statement : expression_statement . PLUS expression_statement  (44)
	expression_statement : expression_statement . HYPHEN expression_statement  (45)
	expression_statement : expression_statement . STAR expression_statement  (46)
	expression_statement : expression_statement . SLASH expression_statement  (47)
	expression_statement : expression_statement . PERCENT expression_statement  (48)
	expression_statement : expression_statement . EQ_OP expression_statement  (49)
	expression_statement : expression_statement . NE_OP expression_statement  (50)
	unary_expr : HYPHEN expression_statement .  (61)

	STAR  shift 105
	SLASH  shift 106
	PERCENT  shift 109
	AND_OP  reduce 61
	OR_OP  reduce 61
	LE_OP  reduce 61
	GE_OP  reduce 61
	EQ_OP  reduce 61
	NE_OP  reduce 61
	SEMICOLON  reduce 61
	COMMA  reduce 61
	COLON  reduce 61
	RIGHT_ROUND  reduce 61
	RIGHT_SQUARE  reduce 61
	HYPHEN  reduce 61
	PLUS  reduce 61
	LT_OP  reduce 61
	GT_OP  reduce 61


state 86
	print_statement : PRINTF_TOKEN LEFT_ROUND . STRING_LITERAL RIGHT_ROUND SEMICOLON  (103)
	print_statement : PRINTF_TOKEN LEFT_ROUND . STRING_LITERAL COMMA print_params RIGHT_ROUND SEMICOLON  (104)

	STRING_LITERAL  shift 128
	.  error


state 87
	scanf_statement : SCANF_TOKEN LEFT_ROUND . STRING_LITERAL COMMA addr_list RIGHT_ROUND SEMICOLON  (107)

	STRING_LITERAL  shift 129
	.  error


state 88
	declarator_var : IDENTIFIER .  (99)
	declarator_arr : IDENTIFIER . LEFT_SQUARE expression_statement RIGHT_SQUARE  (100)
	declarator_arr : IDENTIFIER . LEFT_SQUARE expression_statement RIGHT_SQUARE LEFT_SQUARE expression_statement RIGHT_SQUARE  (101)

	LEFT_SQUARE  shift 130
	EQUAL_SIGN  reduce 99
	SEMICOLON  reduce 99
	COMMA  reduce 99


state 89
	declaration : var_type init_declarator_list . SEMICOLON  (93)
	init_declarator_list : init_declarator_list . COMMA init_declarator  (94)

	SEMICOLON  shift 131
	COMMA  shift 132
	.  error


state 90
	init_declarator_list : init_declarator .  (95)

	.  reduce 95


state 91
	init_declarator : declarator_var . EQUAL_SIGN expression_statement  (96)
	init_declarator : declarator_var .  (97)

	EQUAL_SIGN  shift 133
	SEMICOLON  reduce 97
	COMMA  reduce 97


state 92
	init_declarator : declarator_arr .  (98)

	.  reduce 98


state 93
	compound_statement : LEFT_CURLY statement_list RIGHT_CURLY .  (18)

	.  reduce 18


state 94
	statement_list : single_statement statement_list .  (20)

	.  reduce 20


state 95
	expr : expr COMMA . expr SEMICOLON  (37)

	IDENTIFIER  shift 38
	STRING_LITERAL  shift 39
	I_CONSTANT  shift 40
	F_CONSTANT  shift 41
	SEMICOLON  shift 42
	LEFT_ROUND  shift 44
	EXCLAMATION  shift 45
	HYPHEN  shift 46
	.  error

	expr  goto 134
	expression_statement  goto 63
	unary_expr  goto 64
	assignment_statement  goto 65
	functional_call  goto 66
	arr_element  goto 67


state 96
	expression_statement : expression_statement AND_OP . expression_statement  (39)

	IDENTIFIER  shift 38
	STRING_LITERAL  shift 39
	I_CONSTANT  shift 40
	F_CONSTANT  shift 41
	LEFT_ROUND  shift 44
	EXCLAMATION  shift 45
	HYPHEN  shift 46
	.  error

	expression_statement  goto 135
	unary_expr  goto 64
	assignment_statement  goto 65
	functional_call  goto 66
	arr_element  goto 67


state 97
	expression_statement : expression_statement OR_OP . expression_statement  (38)

	IDENTIFIER  shift 38
	STRING_LITERAL  shift 39
	I_CONSTANT  shift 40
	F_CONSTANT  shift 41
	LEFT_ROUND  shift 44
	EXCLAMATION  shift 45
	HYPHEN  shift 46
	.  error

	expression_statement  goto 136
	unary_expr  goto 64
	assignment_statement  goto 65
	functional_call  goto 66
	arr_element  goto 67


state 98
	expression_statement : expression_statement LE_OP . expression_statement  (43)

	IDENTIFIER  shift 38
	STRING_LITERAL  shift 39
	I_CONSTANT  shift 40
	F_CONSTANT  shift 41
	LEFT_ROUND  shift 44
	EXCLAMATION  shift 45
	HYPHEN  shift 46
	.  error

	expression_statement  goto 137
	unary_expr  goto 64
	assignment_statement  goto 65
	functional_call  goto 66
	arr_element  goto 67


state 99
	expression_statement : expression_statement GE_OP . expression_statement  (42)

	IDENTIFIER  shift 38
	STRING_LITERAL  shift 39
	I_CONSTANT  shift 40
	F_CONSTANT  shift 41
	LEFT_ROUND  shift 44
	EXCLAMATION  shift 45
	HYPHEN  shift 46
	.  error

	expression_statement  goto 138
	unary_expr  goto 64
	assignment_statement  goto 65
	functional_call  goto 66
	arr_element  goto 67


state 100
	expression_statement : expression_statement EQ_OP . expression_statement  (49)

	IDENTIFIER  shift 38
	STRING_LITERAL  shift 39
	I_CONSTANT  shift 40
	F_CONSTANT  shift 41
	LEFT_ROUND  shift 44
	EXCLAMATION  shift 45
	HYPHEN  shift 46
	.  error

	expression_statement  goto 139
	unary_expr  goto 64
	assignment_statement  goto 65
	functional_call  goto 66
	arr_element  goto 67


state 101
	expression_statement : expression_statement NE_OP . expression_statement  (50)

	IDENTIFIER  shift 38
	STRING_LITERAL  shift 39
	I_CONSTANT  shift 40
	F_CONSTANT  shift 41
	LEFT_ROUND  shift 44
	EXCLAMATION  shift 45
	HYPHEN  shift 46
	.  error

	expression_statement  goto 140
	unary_expr  goto 64
	assignment_statement  goto 65
	functional_call  goto 66
	arr_element  goto 67


state 102
	expr : expression_statement SEMICOLON .  (36)

	.  reduce 36


state 103
	expression_statement : expression_statement HYPHEN . expression_statement  (45)

	IDENTIFIER  shift 38
	STRING_LITERAL  shift 39
	I_CONSTANT  shift 40
	F_CONSTANT  shift 41
	LEFT_ROUND  shift 44
	EXCLAMATION  shift 45
	HYPHEN  shift 46
	.  error

	expression_statement  goto 141
	unary_expr  goto 64
	assignment_statement  goto 65
	functional_call  goto 66
	arr_element  goto 67


state 104
	expression_statement : expression_statement PLUS . expression_statement  (44)

	IDENTIFIER  shift 38
	STRING_LITERAL  shift 39
	I_CONSTANT  shift 40
	F_CONSTANT  shift 41
	LEFT_ROUND  shift 44
	EXCLAMATION  shift 45
	HYPHEN  shift 46
	.  error

	expression_statement  goto 142
	unary_expr  goto 64
	assignment_statement  goto 65
	functional_call  goto 66
	arr_element  goto 67


state 105
	expression_statement : expression_statement STAR . expression_statement  (46)

	IDENTIFIER  shift 38
	STRING_LITERAL  shift 39
	I_CONSTANT  shift 40
	F_CONSTANT  shift 41
	LEFT_ROUND  shift 44
	EXCLAMATION  shift 45
	HYPHEN  shift 46
	.  error

	expression_statement  goto 143
	unary_expr  goto 64
	assignment_statement  goto 65
	functional_call  goto 66
	arr_element  goto 67


state 106
	expression_statement : expression_statement SLASH . expression_statement  (47)

	IDENTIFIER  shift 38
	STRING_LITERAL  shift 39
	I_CONSTANT  shift 40
	F_CONSTANT  shift 41
	LEFT_ROUND  shift 44
	EXCLAMATION  shift 45
	HYPHEN  shift 46
	.  error

	expression_statement  goto 144
	unary_expr  goto 64
	assignment_statement  goto 65
	functional_call  goto 66
	arr_element  goto 67


state 107
	expression_statement : expression_statement LT_OP . expression_statement  (41)

	IDENTIFIER  shift 38
	STRING_LITERAL  shift 39
	I_CONSTANT  shift 40
	F_CONSTANT  shift 41
	LEFT_ROUND  shift 44
	EXCLAMATION  shift 45
	HYPHEN  shift 46
	.  error

	expression_statement  goto 145
	unary_expr  goto 64
	assignment_statement  goto 65
	functional_call  goto 66
	arr_element  goto 67


state 108
	expression_statement : expression_statement GT_OP . expression_statement  (40)

	IDENTIFIER  shift 38
	STRING_LITERAL  shift 39
	I_CONSTANT  shift 40
	F_CONSTANT  shift 41
	LEFT_ROUND  shift 44
	EXCLAMATION  shift 45
	HYPHEN  shift 46
	.  error

	expression_statement  goto 146
	unary_expr  goto 64
	assignment_statement  goto 65
	functional_call  goto 66
	arr_element  goto 67


state 109
	expression_statement : expression_statement PERCENT . expression_statement  (48)

	IDENTIFIER  shift 38
	STRING_LITERAL  shift 39
	I_CONSTANT  shift 40
	F_CONSTANT  shift 41
	LEFT_ROUND  shift 44
	EXCLAMATION  shift 45
	HYPHEN  shift 46
	.  error

	expression_statement  goto 147
	unary_expr  goto 64
	assignment_statement  goto 65
	functional_call  goto 66
	arr_element  goto 67


state 110
	assignment_statement : arr_element EQUAL_SIGN . expression_statement  (73)

	IDENTIFIER  shift 38
	STRING_LITERAL  shift 39
	I_CONSTANT  shift 40
	F_CONSTANT  shift 41
	LEFT_ROUND  shift 44
	EXCLAMATION  shift 45
	HYPHEN  shift 46
	.  error

	expression_statement  goto 148
	unary_expr  goto 64
	assignment_statement  goto 65
	functional_call  goto 66
	arr_element  goto 67


state 111
	param_list : declare_var COMMA param_list .  (12)

	.  reduce 12


state 112
	for_loop_declaration : SEMICOLON .  (91)

	.  reduce 91


state 113
	for_loop_declaration : declaration .  (90)

	.  reduce 90


state 114
	for_statement : FOR LEFT_ROUND for_loop_declaration . expr for_loop_assignment RIGHT_ROUND statement_list  (92)

	IDENTIFIER  shift 38
	STRING_LITERAL  shift 39
	I_CONSTANT  shift 40
	F_CONSTANT  shift 41
	SEMICOLON  shift 42
	LEFT_ROUND  shift 44
	EXCLAMATION  shift 45
	HYPHEN  shift 46
	.  error

	expr  goto 149
	expression_statement  goto 63
	unary_expr  goto 64
	assignment_statement  goto 65
	functional_call  goto 66
	arr_element  goto 67


state 115
	expression_statement : expression_statement . OR_OP expression_statement  (38)
	expression_statement : expression_statement . AND_OP expression_statement  (39)
	expression_statement : expression_statement . GT_OP expression_statement  (40)
	expression_statement : expression_statement . LT_OP expression_statement  (41)
	expression_statement : expression_statement . GE_OP expression_statement  (42)
	expression_statement : expression_statement . LE_OP expression_statement  (43)
	expression_statement : expression_statement . PLUS expression_statement  (44)
	expression_statement : expression_statement . HYPHEN expression_statement  (45)
	expression_statement : expression_statement . STAR expression_statement  (46)
	expression_statement : expression_statement . SLASH expression_statement  (47)
	expression_statement : expression_statement . PERCENT expression_statement  (48)
	expression_statement : expression_statement . EQ_OP expression_statement  (49)
	expression_statement : expression_statement . NE_OP expression_statement  (50)
	if_statement : IF LEFT_ROUND expression_statement . RIGHT_ROUND single_statement else_clause  (84)

	AND_OP  shift 96
	OR_OP  shift 97
	LE_OP  shift 98
	GE_OP  shift 99
	EQ_OP  shift 100
	NE_OP  shift 101
	RIGHT_ROUND  shift 150
	HYPHEN  shift 103
	PLUS  shift 104
	STAR  shift 105
	SLASH  shift 106
	LT_OP  shift 107
	GT_OP  shift 108
	PERCENT  shift 109
	.  error


state 116
	expression_statement : expression_statement . OR_OP expression_statement  (38)
	expression_statement : expression_statement . AND_OP expression_statement  (39)
	expression_statement : expression_statement . GT_OP expression_statement  (40)
	expression_statement : expression_statement . LT_OP expression_statement  (41)
	expression_statement : expression_statement . GE_OP expression_statement  (42)
	expression_statement : expression_statement . LE_OP expression_statement  (43)
	expression_statement : expression_statement . PLUS expression_statement  (44)
	expression_statement : expression_statement . HYPHEN expression_statement  (45)
	expression_statement : expression_statement . STAR expression_statement  (46)
	expression_statement : expression_statement . SLASH expression_statement  (47)
	expression_statement : expression_statement . PERCENT expression_statement  (48)
	expression_statement : expression_statement . EQ_OP expression_statement  (49)
	expression_statement : expression_statement . NE_OP expression_statement  (50)
	switch_statment : SWITCH LEFT_ROUND expression_statement . RIGHT_ROUND LEFT_CURLY case_list_def RIGHT_CURLY  (74)

	AND_OP  shift 96
	OR_OP  shift 97
	LE_OP  shift 98
	GE_OP  shift 99
	EQ_OP  shift 100
	NE_OP  shift 101
	RIGHT_ROUND  shift 151
	HYPHEN  shift 103
	PLUS  shift 104
	STAR  shift 105
	SLASH  shift 106
	LT_OP  shift 107
	GT_OP  shift 108
	PERCENT  shift 109
	.  error


state 117
	expression_statement : expression_statement . OR_OP expression_statement  (38)
	expression_statement : expression_statement . AND_OP expression_statement  (39)
	expression_statement : expression_statement . GT_OP expression_statement  (40)
	expression_statement : expression_statement . LT_OP expression_statement  (41)
	expression_statement : expression_statement . GE_OP expression_statement  (42)
	expression_statement : expression_statement . LE_OP expression_statement  (43)
	expression_statement : expression_statement . PLUS expression_statement  (44)
	expression_statement : expression_statement . HYPHEN expression_statement  (45)
	expression_statement : expression_statement . STAR expression_statement  (46)
	expression_statement : expression_statement . SLASH expression_statement  (47)
	expression_statement : expression_statement . PERCENT expression_statement  (48)
	expression_statement : expression_statement . EQ_OP expression_statement  (49)
	expression_statement : expression_statement . NE_OP expression_statement  (50)
	while_statement : WHILE LEFT_ROUND expression_statement . RIGHT_ROUND statement_list  (102)

	AND_OP  shift 96
	OR_OP  shift 97
	LE_OP  shift 98
	GE_OP  shift 99
	EQ_OP  shift 100
	NE_OP  shift 101
	RIGHT_ROUND  shift 152
	HYPHEN  shift 103
	PLUS  shift 104
	STAR  shift 105
	SLASH  shift 106
	LT_OP  shift 107
	GT_OP  shift 108
	PERCENT  shift 109
	.  error


state 118
	expression_statement : expression_statement . OR_OP expression_statement  (38)
	expression_statement : expression_statement . AND_OP expression_statement  (39)
	expression_statement : expression_statement . GT_OP expression_statement  (40)
	expression_statement : expression_statement . LT_OP expression_statement  (41)
	expression_statement : expression_statement . GE_OP expression_statement  (42)
	expression_statement : expression_statement . LE_OP expression_statement  (43)
	expression_statement : expression_statement . PLUS expression_statement  (44)
	expression_statement : expression_statement . HYPHEN expression_statement  (45)
	expression_statement : expression_statement . STAR expression_statement  (46)
	expression_statement : expression_statement . SLASH expression_statement  (47)
	expression_statement : expression_statement . PERCENT expression_statement  (48)
	expression_statement : expression_statement . EQ_OP expression_statement  (49)
	expression_statement : expression_statement . NE_OP expression_statement  (50)
	assignment_statement : IDENTIFIER EQUAL_SIGN expression_statement .  (72)

	AND_OP  shift 96
	OR_OP  shift 97
	LE_OP  shift 98
	GE_OP  shift 99
	EQ_OP  shift 100
	NE_OP  shift 101
	HYPHEN  shift 103
	PLUS  shift 104
	STAR  shift 105
	SLASH  shift 106
	LT_OP  shift 107
	GT_OP  shift 108
	PERCENT  shift 109
	SEMICOLON  reduce 72
	COMMA  reduce 72
	COLON  reduce 72
	RIGHT_ROUND  reduce 72
	RIGHT_SQUARE  reduce 72


state 119
	arg : IDENTIFIER .  (68)

	.  reduce 68


state 120
	arg : STRING_LITERAL .  (69)

	.  reduce 69


state 121
	arg : I_CONSTANT .  (67)

	.  reduce 67


state 122
	arg : F_CONSTANT .  (66)

	.  reduce 66


state 123
	functional_call : IDENTIFIER LEFT_ROUND RIGHT_ROUND .  (62)

	.  reduce 62


state 124
	functional_call : IDENTIFIER LEFT_ROUND arg_list . RIGHT_ROUND  (63)

	RIGHT_ROUND  shift 153
	.  error


state 125
	arg_list : arg .  (64)
	arg_list : arg . COMMA arg_list  (65)

	COMMA  shift 154
	RIGHT_ROUND  reduce 64


state 126
	arr_element : IDENTIFIER LEFT_SQUARE I_CONSTANT . RIGHT_SQUARE  (70)
	arr_element : IDENTIFIER LEFT_SQUARE I_CONSTANT . RIGHT_SQUARE LEFT_SQUARE I_CONSTANT RIGHT_SQUARE  (71)

	RIGHT_SQUARE  shift 155
	.  error


state 127
	expression_statement : LEFT_ROUND expression_statement RIGHT_ROUND .  (54)

	.  reduce 54


state 128
	print_statement : PRINTF_TOKEN LEFT_ROUND STRING_LITERAL . RIGHT_ROUND SEMICOLON  (103)
	print_statement : PRINTF_TOKEN LEFT_ROUND STRING_LITERAL . COMMA print_params RIGHT_ROUND SEMICOLON  (104)

	COMMA  shift 156
	RIGHT_ROUND  shift 157
	.  error


state 129
	scanf_statement : SCANF_TOKEN LEFT_ROUND STRING_LITERAL . COMMA addr_list RIGHT_ROUND SEMICOLON  (107)

	COMMA  shift 158
	.  error


state 130
	declarator_arr : IDENTIFIER LEFT_SQUARE . expression_statement RIGHT_SQUARE  (100)
	declarator_arr : IDENTIFIER LEFT_SQUARE . expression_statement RIGHT_SQUARE LEFT_SQUARE expression_statement RIGHT_SQUARE  (101)

	IDENTIFIER  shift 38
	STRING_LITERAL  shift 39
	I_CONSTANT  shift 40
	F_CONSTANT  shift 41
	LEFT_ROUND  shift 44
	EXCLAMATION  shift 45
	HYPHEN  shift 46
	.  error

	expression_statement  goto 159
	unary_expr  goto 64
	assignment_statement  goto 65
	functional_call  goto 66
	arr_element  goto 67


state 131
	declaration : var_type init_declarator_list SEMICOLON .  (93)

	.  reduce 93


state 132
	init_declarator_list : init_declarator_list COMMA . init_declarator  (94)

	IDENTIFIER  shift 88
	.  error

	init_declarator  goto 160
	declarator_var  goto 91
	declarator_arr  goto 92


state 133
	init_declarator : declarator_var EQUAL_SIGN . expression_statement  (96)

	IDENTIFIER  shift 38
	STRING_LITERAL  shift 39
	I_CONSTANT  shift 40
	F_CONSTANT  shift 41
	LEFT_ROUND  shift 44
	EXCLAMATION  shift 45
	HYPHEN  shift 46
	.  error

	expression_statement  goto 161
	unary_expr  goto 64
	assignment_statement  goto 65
	functional_call  goto 66
	arr_element  goto 67


state 134
	expr : expr . COMMA expr SEMICOLON  (37)
	expr : expr COMMA expr . SEMICOLON  (37)

	SEMICOLON  shift 162
	COMMA  shift 95
	.  error


state 135
	expression_statement : expression_statement . OR_OP expression_statement  (38)
	expression_statement : expression_statement . AND_OP expression_statement  (39)
	expression_statement : expression_statement AND_OP expression_statement .  (39)
	expression_statement : expression_statement . GT_OP expression_statement  (40)
	expression_statement : expression_statement . LT_OP expression_statement  (41)
	expression_statement : expression_statement . GE_OP expression_statement  (42)
	expression_statement : expression_statement . LE_OP expression_statement  (43)
	expression_statement : expression_statement . PLUS expression_statement  (44)
	expression_statement : expression_statement . HYPHEN expression_statement  (45)
	expression_statement : expression_statement . STAR expression_statement  (46)
	expression_statement : expression_statement . SLASH expression_statement  (47)
	expression_statement : expression_statement . PERCENT expression_statement  (48)
	expression_statement : expression_statement . EQ_OP expression_statement  (49)
	expression_statement : expression_statement . NE_OP expression_statement  (50)

	LE_OP  shift 98
	GE_OP  shift 99
	EQ_OP  shift 100
	NE_OP  shift 101
	HYPHEN  shift 103
	PLUS  shift 104
	STAR  shift 105
	SLASH  shift 106
	LT_OP  shift 107
	GT_OP  shift 108
	PERCENT  shift 109
	AND_OP  reduce 39
	OR_OP  reduce 39
	SEMICOLON  reduce 39
	COMMA  reduce 39
	COLON  reduce 39
	RIGHT_ROUND  reduce 39
	RIGHT_SQUARE  reduce 39


state 136
	expression_statement : expression_statement . OR_OP expression_statement  (38)
	expression_statement : expression_statement OR_OP expression_statement .  (38)
	expression_statement : expression_statement . AND_OP expression_statement  (39)
	expression_statement : expression_statement . GT_OP expression_statement  (40)
	expression_statement : expression_statement . LT_OP expression_statement  (41)
	expression_statement : expression_statement . GE_OP expression_statement  (42)
	expression_statement : expression_statement . LE_OP expression_statement  (43)
	expression_statement : expression_statement . PLUS expression_statement  (44)
	expression_statement : expression_statement . HYPHEN expression_statement  (45)
	expression_statement : expression_statement . STAR expression_statement  (46)
	expression_statement : expression_statement . SLASH expression_statement  (47)
	expression_statement : expression_statement . PERCENT expression_statement  (48)
	expression_statement : expression_statement . EQ_OP expression_statement  (49)
	expression_statement : expression_statement . NE_OP expression_statement  (50)

	AND_OP  shift 96
	LE_OP  shift 98
	GE_OP  shift 99
	EQ_OP  shift 100
	NE_OP  shift 101
	HYPHEN  shift 103
	PLUS  shift 104
	STAR  shift 105
	SLASH  shift 106
	LT_OP  shift 107
	GT_OP  shift 108
	PERCENT  shift 109
	OR_OP  reduce 38
	SEMICOLON  reduce 38
	COMMA  reduce 38
	COLON  reduce 38
	RIGHT_ROUND  reduce 38
	RIGHT_SQUARE  reduce 38


state 137
	expression_statement : expression_statement . OR_OP expression_statement  (38)
	expression_statement : expression_statement . AND_OP expression_statement  (39)
	expression_statement : expression_statement . GT_OP expression_statement  (40)
	expression_statement : expression_statement . LT_OP expression_statement  (41)
	expression_statement : expression_statement . GE_OP expression_statement  (42)
	expression_statement : expression_statement . LE_OP expression_statement  (43)
	expression_statement : expression_statement LE_OP expression_statement .  (43)
	expression_statement : expression_statement . PLUS expression_statement  (44)
	expression_statement : expression_statement . HYPHEN expression_statement  (45)
	expression_statement : expression_statement . STAR expression_statement  (46)
	expression_statement : expression_statement . SLASH expression_statement  (47)
	expression_statement : expression_statement . PERCENT expression_statement  (48)
	expression_statement : expression_statement . EQ_OP expression_statement  (49)
	expression_statement : expression_statement . NE_OP expression_statement  (50)

	HYPHEN  shift 103
	PLUS  shift 104
	STAR  shift 105
	SLASH  shift 106
	PERCENT  shift 109
	AND_OP  reduce 43
	OR_OP  reduce 43
	LE_OP  reduce 43
	GE_OP  reduce 43
	EQ_OP  reduce 43
	NE_OP  reduce 43
	SEMICOLON  reduce 43
	COMMA  reduce 43
	COLON  reduce 43
	RIGHT_ROUND  reduce 43
	RIGHT_SQUARE  reduce 43
	LT_OP  reduce 43
	GT_OP  reduce 43


state 138
	expression_statement : expression_statement . OR_OP expression_statement  (38)
	expression_statement : expression_statement . AND_OP expression_statement  (39)
	expression_statement : expression_statement . GT_OP expression_statement  (40)
	expression_statement : expression_statement . LT_OP expression_statement  (41)
	expression_statement : expression_statement . GE_OP expression_statement  (42)
	expression_statement : expression_statement GE_OP expression_statement .  (42)
	expression_statement : expression_statement . LE_OP expression_statement  (43)
	expression_statement : expression_statement . PLUS expression_statement  (44)
	expression_statement : expression_statement . HYPHEN expression_statement  (45)
	expression_statement : expression_statement . STAR expression_statement  (46)
	expression_statement : expression_statement . SLASH expression_statement  (47)
	expression_statement : expression_statement . PERCENT expression_statement  (48)
	expression_statement : expression_statement . EQ_OP expression_statement  (49)
	expression_statement : expression_statement . NE_OP expression_statement  (50)

	HYPHEN  shift 103
	PLUS  shift 104
	STAR  shift 105
	SLASH  shift 106
	PERCENT  shift 109
	AND_OP  reduce 42
	OR_OP  reduce 42
	LE_OP  reduce 42
	GE_OP  reduce 42
	EQ_OP  reduce 42
	NE_OP  reduce 42
	SEMICOLON  reduce 42
	COMMA  reduce 42
	COLON  reduce 42
	RIGHT_ROUND  reduce 42
	RIGHT_SQUARE  reduce 42
	LT_OP  reduce 42
	GT_OP  reduce 42


state 139
	expression_statement : expression_statement . OR_OP expression_statement  (38)
	expression_statement : expression_statement . AND_OP expression_statement  (39)
	expression_statement : expression_statement . GT_OP expression_statement  (40)
	expression_statement : expression_statement . LT_OP expression_statement  (41)
	expression_statement : expression_statement . GE_OP expression_statement  (42)
	expression_statement : expression_statement . LE_OP expression_statement  (43)
	expression_statement : expression_statement . PLUS expression_statement  (44)
	expression_statement : expression_statement . HYPHEN expression_statement  (45)
	expression_statement : expression_statement . STAR expression_statement  (46)
	expression_statement : expression_statement . SLASH expression_statement  (47)
	expression_statement : expression_statement . PERCENT expression_statement  (48)
	expression_statement : expression_statement . EQ_OP expression_statement  (49)
	expression_statement : expression_statement EQ_OP expression_statement .  (49)
	expression_statement : expression_statement . NE_OP expression_statement  (50)

	LE_OP  shift 98
	GE_OP  shift 99
	HYPHEN  shift 103
	PLUS  shift 104
	STAR  shift 105
	SLASH  shift 106
	LT_OP  shift 107
	GT_OP  shift 108
	PERCENT  shift 109
	AND_OP  reduce 49
	OR_OP  reduce 49
	EQ_OP  reduce 49
	NE_OP  reduce 49
	SEMICOLON  reduce 49
	COMMA  reduce 49
	COLON  reduce 49
	RIGHT_ROUND  reduce 49
	RIGHT_SQUARE  reduce 49


state 140
	expression_statement : expression_statement . OR_OP expression_statement  (38)
	expression_statement : expression_statement . AND_OP expression_statement  (39)
	expression_statement : expression_statement . GT_OP expression_statement  (40)
	expression_statement : expression_statement . LT_OP expression_statement  (41)
	expression_statement : expression_statement . GE_OP expression_statement  (42)
	expression_statement : expression_statement . LE_OP expression_statement  (43)
	expression_statement : expression_statement . PLUS expression_statement  (44)
	expression_statement : expression_statement . HYPHEN expression_statement  (45)
	expression_statement : expression_statement . STAR expression_statement  (46)
	expression_statement : expression_statement . SLASH expression_statement  (47)
	expression_statement : expression_statement . PERCENT expression_statement  (48)
	expression_statement : expression_statement . EQ_OP expression_statement  (49)
	expression_statement : expression_statement . NE_OP expression_statement  (50)
	expression_statement : expression_statement NE_OP expression_statement .  (50)

	LE_OP  shift 98
	GE_OP  shift 99
	HYPHEN  shift 103
	PLUS  shift 104
	STAR  shift 105
	SLASH  shift 106
	LT_OP  shift 107
	GT_OP  shift 108
	PERCENT  shift 109
	AND_OP  reduce 50
	OR_OP  reduce 50
	EQ_OP  reduce 50
	NE_OP  reduce 50
	SEMICOLON  reduce 50
	COMMA  reduce 50
	COLON  reduce 50
	RIGHT_ROUND  reduce 50
	RIGHT_SQUARE  reduce 50


state 141
	expression_statement : expression_statement . OR_OP expression_statement  (38)
	expression_statement : expression_statement . AND_OP expression_statement  (39)
	expression_statement : expression_statement . GT_OP expression_statement  (40)
	expression_statement : expression_statement . LT_OP expression_statement  (41)
	expression_statement : expression_statement . GE_OP expression_statement  (42)
	expression_statement : expression_statement . LE_OP expression_statement  (43)
	expression_statement : expression_statement . PLUS expression_statement  (44)
	expression_statement : expression_statement . HYPHEN expression_statement  (45)
	expression_statement : expression_statement HYPHEN expression_statement .  (45)
	expression_statement : expression_statement . STAR expression_statement  (46)
	expression_statement : expression_statement . SLASH expression_statement  (47)
	expression_statement : expression_statement . PERCENT expression_statement  (48)
	expression_statement : expression_statement . EQ_OP expression_statement  (49)
	expression_statement : expression_statement . NE_OP expression_statement  (50)

	STAR  shift 105
	SLASH  shift 106
	PERCENT  shift 109
	AND_OP  reduce 45
	OR_OP  reduce 45
	LE_OP  reduce 45
	GE_OP  reduce 45
	EQ_OP  reduce 45
	NE_OP  reduce 45
	SEMICOLON  reduce 45
	COMMA  reduce 45
	COLON  reduce 45
	RIGHT_ROUND  reduce 45
	RIGHT_SQUARE  reduce 45
	HYPHEN  reduce 45
	PLUS  reduce 45
	LT_OP  reduce 45
	GT_OP  reduce 45


state 142
	expression_statement : expression_statement . OR_OP expression_statement  (38)
	expression_statement : expression_statement . AND_OP expression_statement  (39)
	expression_statement : expression_statement . GT_OP expression_statement  (40)
	expression_statement : expression_statement . LT_OP expression_statement  (41)
	expression_statement : expression_statement . GE_OP expression_statement  (42)
	expression_statement : expression_statement . LE_OP expression_statement  (43)
	expression_statement : expression_statement . PLUS expression_statement  (44)
	expression_statement : expression_statement PLUS expression_statement .  (44)
	expression_statement : expression_statement . HYPHEN expression_statement  (45)
	expression_statement : expression_statement . STAR expression_statement  (46)
	expression_statement : expression_statement . SLASH expression_statement  (47)
	expression_statement : expression_statement . PERCENT expression_statement  (48)
	expression_statement : expression_statement . EQ_OP expression_statement  (49)
	expression_statement : expression_statement . NE_OP expression_statement  (50)

	STAR  shift 105
	SLASH  shift 106
	PERCENT  shift 109
	AND_OP  reduce 44
	OR_OP  reduce 44
	LE_OP  reduce 44
	GE_OP  reduce 44
	EQ_OP  reduce 44
	NE_OP  reduce 44
	SEMICOLON  reduce 44
	COMMA  reduce 44
	COLON  reduce 44
	RIGHT_ROUND  reduce 44
	RIGHT_SQUARE  reduce 44
	HYPHEN  reduce 44
	PLUS  reduce 44
	LT_OP  reduce 44
	GT_OP  reduce 44


state 143
	expression_statement : expression_statement . OR_OP expression_statement  (38)
	expression_statement : expression_statement . AND_OP expression_statement  (39)
	expression_statement : expression_statement . GT_OP expression_statement  (40)
	expression_statement : expression_statement . LT_OP expression_statement  (41)
	expression_statement : expression_statement . GE_OP expression_statement  (42)
	expression_statement : expression_statement . LE_OP expression_statement  (43)
	expression_statement : expression_statement . PLUS expression_statement  (44)
	expression_statement : expression_statement . HYPHEN expression_statement  (45)
	expression_statement : expression_statement . STAR expression_statement  (46)
	expression_statement : expression_statement STAR expression_statement .  (46)
	expression_statement : expression_statement . SLASH expression_statement  (47)
	expression_statement : expression_statement . PERCENT expression_statement  (48)
	expression_statement : expression_statement . EQ_OP expression_statement  (49)
	expression_statement : expression_statement . NE_OP expression_statement  (50)

	.  reduce 46


state 144
	expression_statement : expression_statement . OR_OP expression_statement  (38)
	expression_statement : expression_statement . AND_OP expression_statement  (39)
	expression_statement : expression_statement . GT_OP expression_statement  (40)
	expression_statement : expression_statement . LT_OP expression_statement  (41)
	expression_statement : expression_statement . GE_OP expression_statement  (42)
	expression_statement : expression_statement . LE_OP expression_statement  (43)
	expression_statement : expression_statement . PLUS expression_statement  (44)
	expression_statement : expression_statement . HYPHEN expression_statement  (45)
	expression_statement : expression_statement . STAR expression_statement  (46)
	expression_statement : expression_statement . SLASH expression_statement  (47)
	expression_statement : expression_statement SLASH expression_statement .  (47)
	expression_statement : expression_statement . PERCENT expression_statement  (48)
	expression_statement : expression_statement . EQ_OP expression_statement  (49)
	expression_statement : expression_statement . NE_OP expression_statement  (50)

	.  reduce 47


state 145
	expression_statement : expression_statement . OR_OP expression_statement  (38)
	expression_statement : expression_statement . AND_OP expression_statement  (39)
	expression_statement : expression_statement . GT_OP expression_statement  (40)
	expression_statement : expression_statement . LT_OP expression_statement  (41)
	expression_statement : expression_statement LT_OP expression_statement .  (41)
	expression_statement : expression_statement . GE_OP expression_statement  (42)
	expression_statement : expression_statement . LE_OP expression_statement  (43)
	expression_statement : expression_statement . PLUS expression_statement  (44)
	expression_statement : expression_statement . HYPHEN expression_statement  (45)
	expression_statement : expression_statement . STAR expression_statement  (46)
	expression_statement : expression_statement . SLASH expression_statement  (47)
	expression_statement : expression_statement . PERCENT expression_statement  (48)
	expression_statement : expression_statement . EQ_OP expression_statement  (49)
	expression_statement : expression_statement . NE_OP expression_statement  (50)

	HYPHEN  shift 103
	PLUS  shift 104
	STAR  shift 105
	SLASH  shift 106
	PERCENT  shift 109
	AND_OP  reduce 41
	OR_OP  reduce 41
	LE_OP  reduce 41
	GE_OP  reduce 41
	EQ_OP  reduce 41
	NE_OP  reduce 41
	SEMICOLON  reduce 41
	COMMA  reduce 41
	COLON  reduce 41
	RIGHT_ROUND  reduce 41
	RIGHT_SQUARE  reduce 41
	LT_OP  reduce 41
	GT_OP  reduce 41


state 146
	expression_statement : expression_statement . OR_OP expression_statement  (38)
	expression_statement : expression_statement . AND_OP expression_statement  (39)
	expression_statement : expression_statement . GT_OP expression_statement  (40)
	expression_statement : expression_statement GT_OP expression_statement .  (40)
	expression_statement : expression_statement . LT_OP expression_statement  (41)
	expression_statement : expression_statement . GE_OP expression_statement  (42)
	expression_statement : expression_statement . LE_OP expression_statement  (43)
	expression_statement : expression_statement . PLUS expression_statement  (44)
	expression_statement : expression_statement . HYPHEN expression_statement  (45)
	expression_statement : expression_statement . STAR expression_statement  (46)
	expression_statement : expression_statement . SLASH expression_statement  (47)
	expression_statement : expression_statement . PERCENT expression_statement  (48)
	expression_statement : expression_statement . EQ_OP expression_statement  (49)
	expression_statement : expression_statement . NE_OP expression_statement  (50)

	HYPHEN  shift 103
	PLUS  shift 104
	STAR  shift 105
	SLASH  shift 106
	PERCENT  shift 109
	AND_OP  reduce 40
	OR_OP  reduce 40
	LE_OP  reduce 40
	GE_OP  reduce 40
	EQ_OP  reduce 40
	NE_OP  reduce 40
	SEMICOLON  reduce 40
	COMMA  reduce 40
	COLON  reduce 40
	RIGHT_ROUND  reduce 40
	RIGHT_SQUARE  reduce 40
	LT_OP  reduce 40
	GT_OP  reduce 40


state 147
	expression_statement : expression_statement . OR_OP expression_statement  (38)
	expression_statement : expression_statement . AND_OP expression_statement  (39)
	expression_statement : expression_statement . GT_OP expression_statement  (40)
	expression_statement : expression_statement . LT_OP expression_statement  (41)
	expression_statement : expression_statement . GE_OP expression_statement  (42)
	expression_statement : expression_statement . LE_OP expression_statement  (43)
	expression_statement : expression_statement . PLUS expression_statement  (44)
	expression_statement : expression_statement . HYPHEN expression_statement  (45)
	expression_statement : expression_statement . STAR expression_statement  (46)
	expression_statement : expression_statement . SLASH expression_statement  (47)
	expression_statement : expression_statement . PERCENT expression_statement  (48)
	expression_statement : expression_statement PERCENT expression_statement .  (48)
	expression_statement : expression_statement . EQ_OP expression_statement  (49)
	expression_statement : expression_statement . NE_OP expression_statement  (50)

	.  reduce 48


state 148
	expression_statement : expression_statement . OR_OP expression_statement  (38)
	expression_statement : expression_statement . AND_OP expression_statement  (39)
	expression_statement : expression_statement . GT_OP expression_statement  (40)
	expression_statement : expression_statement . LT_OP expression_statement  (41)
	expression_statement : expression_statement . GE_OP expression_statement  (42)
	expression_statement : expression_statement . LE_OP expression_statement  (43)
	expression_statement : expression_statement . PLUS expression_statement  (44)
	expression_statement : expression_statement . HYPHEN expression_statement  (45)
	expression_statement : expression_statement . STAR expression_statement  (46)
	expression_statement : expression_statement . SLASH expression_statement  (47)
	expression_statement : expression_statement . PERCENT expression_statement  (48)
	expression_statement : expression_statement . EQ_OP expression_statement  (49)
	expression_statement : expression_statement . NE_OP expression_statement  (50)
	assignment_statement : arr_element EQUAL_SIGN expression_statement .  (73)

	AND_OP  shift 96
	OR_OP  shift 97
	LE_OP  shift 98
	GE_OP  shift 99
	EQ_OP  shift 100
	NE_OP  shift 101
	HYPHEN  shift 103
	PLUS  shift 104
	STAR  shift 105
	SLASH  shift 106
	LT_OP  shift 107
	GT_OP  shift 108
	PERCENT  shift 109
	SEMICOLON  reduce 73
	COMMA  reduce 73
	COLON  reduce 73
	RIGHT_ROUND  reduce 73
	RIGHT_SQUARE  reduce 73


state 149
	expr : expr . COMMA expr SEMICOLON  (37)
	for_statement : FOR LEFT_ROUND for_loop_declaration expr . for_loop_assignment RIGHT_ROUND statement_list  (92)
	for_loop_assignment : .  (89)

	IDENTIFIER  shift 163
	COMMA  shift 95
	RIGHT_ROUND  reduce 89

	assignment_statement  goto 164
	arr_element  goto 165
	for_loop_assignment  goto 166


state 150
	if_statement : IF LEFT_ROUND expression_statement RIGHT_ROUND . single_statement else_clause  (84)

	BREAK  shift 31
	CHAR  shift 1
	CONTINUE  shift 32
	FLOAT  shift 2
	FOR  shift 33
	IF  shift 34
	RETURN  shift 35
	INT  shift 26
	SWITCH  shift 36
	WHILE  shift 37
	IDENTIFIER  shift 38
	STRING_LITERAL  shift 39
	I_CONSTANT  shift 40
	F_CONSTANT  shift 41
	SEMICOLON  shift 42
	LEFT_CURLY  shift 21
	LEFT_ROUND  shift 44
	EXCLAMATION  shift 45
	HYPHEN  shift 46
	PRINTF_TOKEN  shift 47
	SCANF_TOKEN  shift 48
	.  error

	compound_statement  goto 49
	var_type  goto 50
	single_statement  goto 167
	switch_statment  goto 53
	expr  goto 54
	if_statement  goto 55
	print_statement  goto 56
	scanf_statement  goto 57
	for_statement  goto 58
	return_statement  goto 59
	while_statement  goto 60
	jump_statement  goto 61
	declaration  goto 62
	expression_statement  goto 63
	unary_expr  goto 64
	assignment_statement  goto 65
	functional_call  goto 66
	arr_element  goto 67


state 151
	switch_statment : SWITCH LEFT_ROUND expression_statement RIGHT_ROUND . LEFT_CURLY case_list_def RIGHT_CURLY  (74)

	LEFT_CURLY  shift 168
	.  error


state 152
	while_statement : WHILE LEFT_ROUND expression_statement RIGHT_ROUND . statement_list  (102)

	BREAK  shift 31
	CHAR  shift 1
	CONTINUE  shift 32
	FLOAT  shift 2
	FOR  shift 33
	IF  shift 34
	RETURN  shift 35
	INT  shift 26
	SWITCH  shift 36
	WHILE  shift 37
	IDENTIFIER  shift 38
	STRING_LITERAL  shift 39
	I_CONSTANT  shift 40
	F_CONSTANT  shift 41
	SEMICOLON  shift 42
	LEFT_CURLY  shift 21
	LEFT_ROUND  shift 44
	EXCLAMATION  shift 45
	HYPHEN  shift 46
	PRINTF_TOKEN  shift 47
	SCANF_TOKEN  shift 48
	.  error

	compound_statement  goto 49
	var_type  goto 50
	statement_list  goto 169
	single_statement  goto 52
	switch_statment  goto 53
	expr  goto 54
	if_statement  goto 55
	print_statement  goto 56
	scanf_statement  goto 57
	for_statement  goto 58
	return_statement  goto 59
	while_statement  goto 60
	jump_statement  goto 61
	declaration  goto 62
	expression_statement  goto 63
	unary_expr  goto 64
	assignment_statement  goto 65
	functional_call  goto 66
	arr_element  goto 67


state 153
	functional_call : IDENTIFIER LEFT_ROUND arg_list RIGHT_ROUND .  (63)

	.  reduce 63


state 154
	arg_list : arg COMMA . arg_list  (65)

	IDENTIFIER  shift 119
	STRING_LITERAL  shift 120
	I_CONSTANT  shift 121
	F_CONSTANT  shift 122
	.  error

	arg_list  goto 170
	arg  goto 125


state 155
	arr_element : IDENTIFIER LEFT_SQUARE I_CONSTANT RIGHT_SQUARE .  (70)
	arr_element : IDENTIFIER LEFT_SQUARE I_CONSTANT RIGHT_SQUARE . LEFT_SQUARE I_CONSTANT RIGHT_SQUARE  (71)

	LEFT_SQUARE  shift 171
	AND_OP  reduce 70
	OR_OP  reduce 70
	LE_OP  reduce 70
	GE_OP  reduce 70
	EQ_OP  reduce 70
	NE_OP  reduce 70
	EQUAL_SIGN  reduce 70
	SEMICOLON  reduce 70
	COMMA  reduce 70
	COLON  reduce 70
	RIGHT_ROUND  reduce 70
	RIGHT_SQUARE  reduce 70
	HYPHEN  reduce 70
	PLUS  reduce 70
	STAR  reduce 70
	SLASH  reduce 70
	LT_OP  reduce 70
	GT_OP  reduce 70
	PERCENT  reduce 70


state 156
	print_statement : PRINTF_TOKEN LEFT_ROUND STRING_LITERAL COMMA . print_params RIGHT_ROUND SEMICOLON  (104)

	IDENTIFIER  shift 172
	.  error

	print_params  goto 173


state 157
	print_statement : PRINTF_TOKEN LEFT_ROUND STRING_LITERAL RIGHT_ROUND . SEMICOLON  (103)

	SEMICOLON  shift 174
	.  error


state 158
	scanf_statement : SCANF_TOKEN LEFT_ROUND STRING_LITERAL COMMA . addr_list RIGHT_ROUND SEMICOLON  (107)

	AMPERSAND  shift 175
	.  error

	addr_list  goto 176
	addr  goto 177


state 159
	expression_statement : expression_statement . OR_OP expression_statement  (38)
	expression_statement : expression_statement . AND_OP expression_statement  (39)
	expression_statement : expression_statement . GT_OP expression_statement  (40)
	expression_statement : expression_statement . LT_OP expression_statement  (41)
	expression_statement : expression_statement . GE_OP expression_statement  (42)
	expression_statement : expression_statement . LE_OP expression_statement  (43)
	expression_statement : expression_statement . PLUS expression_statement  (44)
	expression_statement : expression_statement . HYPHEN expression_statement  (45)
	expression_statement : expression_statement . STAR expression_statement  (46)
	expression_statement : expression_statement . SLASH expression_statement  (47)
	expression_statement : expression_statement . PERCENT expression_statement  (48)
	expression_statement : expression_statement . EQ_OP expression_statement  (49)
	expression_statement : expression_statement . NE_OP expression_statement  (50)
	declarator_arr : IDENTIFIER LEFT_SQUARE expression_statement . RIGHT_SQUARE  (100)
	declarator_arr : IDENTIFIER LEFT_SQUARE expression_statement . RIGHT_SQUARE LEFT_SQUARE expression_statement RIGHT_SQUARE  (101)

	AND_OP  shift 96
	OR_OP  shift 97
	LE_OP  shift 98
	GE_OP  shift 99
	EQ_OP  shift 100
	NE_OP  shift 101
	RIGHT_SQUARE  shift 178
	HYPHEN  shift 103
	PLUS  shift 104
	STAR  shift 105
	SLASH  shift 106
	LT_OP  shift 107
	GT_OP  shift 108
	PERCENT  shift 109
	.  error


state 160
	init_declarator_list : init_declarator_list COMMA init_declarator .  (94)

	.  reduce 94


state 161
	expression_statement : expression_statement . OR_OP expression_statement  (38)
	expression_statement : expression_statement . AND_OP expression_statement  (39)
	expression_statement : expression_statement . GT_OP expression_statement  (40)
	expression_statement : expression_statement . LT_OP expression_statement  (41)
	expression_statement : expression_statement . GE_OP expression_statement  (42)
	expression_statement : expression_statement . LE_OP expression_statement  (43)
	expression_statement : expression_statement . PLUS expression_statement  (44)
	expression_statement : expression_statement . HYPHEN expression_statement  (45)
	expression_statement : expression_statement . STAR expression_statement  (46)
	expression_statement : expression_statement . SLASH expression_statement  (47)
	expression_statement : expression_statement . PERCENT expression_statement  (48)
	expression_statement : expression_statement . EQ_OP expression_statement  (49)
	expression_statement : expression_statement . NE_OP expression_statement  (50)
	init_declarator : declarator_var EQUAL_SIGN expression_statement .  (96)

	AND_OP  shift 96
	OR_OP  shift 97
	LE_OP  shift 98
	GE_OP  shift 99
	EQ_OP  shift 100
	NE_OP  shift 101
	HYPHEN  shift 103
	PLUS  shift 104
	STAR  shift 105
	SLASH  shift 106
	LT_OP  shift 107
	GT_OP  shift 108
	PERCENT  shift 109
	SEMICOLON  reduce 96
	COMMA  reduce 96


state 162
	expr : expr COMMA expr SEMICOLON .  (37)

	.  reduce 37


state 163
	arr_element : IDENTIFIER . LEFT_SQUARE I_CONSTANT RIGHT_SQUARE  (70)
	arr_element : IDENTIFIER . LEFT_SQUARE I_CONSTANT RIGHT_SQUARE LEFT_SQUARE I_CONSTANT RIGHT_SQUARE  (71)
	assignment_statement : IDENTIFIER . EQUAL_SIGN expression_statement  (72)

	EQUAL_SIGN  shift 80
	LEFT_SQUARE  shift 82
	.  error


state 164
	for_loop_assignment : assignment_statement .  (87)
	for_loop_assignment : assignment_statement . COMMA for_loop_assignment  (88)

	COMMA  shift 179
	RIGHT_ROUND  reduce 87


state 165
	assignment_statement : arr_element . EQUAL_SIGN expression_statement  (73)

	EQUAL_SIGN  shift 110
	.  error


state 166
	for_statement : FOR LEFT_ROUND for_loop_declaration expr for_loop_assignment . RIGHT_ROUND statement_list  (92)

	RIGHT_ROUND  shift 180
	.  error


167: shift/reduce conflict (shift 181, reduce 86) on ELSE
state 167
	if_statement : IF LEFT_ROUND expression_statement RIGHT_ROUND single_statement . else_clause  (84)
	else_clause : .  (86)

	ELSE  shift 181
	BREAK  reduce 86
	CASE  reduce 86
	CHAR  reduce 86
	CONTINUE  reduce 86
	DEFAULT  reduce 86
	FLOAT  reduce 86
	FOR  reduce 86
	IF  reduce 86
	RETURN  reduce 86
	INT  reduce 86
	SWITCH  reduce 86
	WHILE  reduce 86
	IDENTIFIER  reduce 86
	STRING_LITERAL  reduce 86
	I_CONSTANT  reduce 86
	F_CONSTANT  reduce 86
	SEMICOLON  reduce 86
	LEFT_CURLY  reduce 86
	RIGHT_CURLY  reduce 86
	LEFT_ROUND  reduce 86
	EXCLAMATION  reduce 86
	HYPHEN  reduce 86
	PRINTF_TOKEN  reduce 86
	SCANF_TOKEN  reduce 86

	else_clause  goto 182


state 168
	switch_statment : SWITCH LEFT_ROUND expression_statement RIGHT_ROUND LEFT_CURLY . case_list_def RIGHT_CURLY  (74)
	case_list_def : .  (77)

	CASE  shift 183
	RIGHT_CURLY  reduce 77

	case_list_def  goto 184
	case_list  goto 185
	case  goto 186


state 169
	while_statement : WHILE LEFT_ROUND expression_statement RIGHT_ROUND statement_list .  (102)

	.  reduce 102


state 170
	arg_list : arg COMMA arg_list .  (65)

	.  reduce 65


state 171
	arr_element : IDENTIFIER LEFT_SQUARE I_CONSTANT RIGHT_SQUARE LEFT_SQUARE . I_CONSTANT RIGHT_SQUARE  (71)

	I_CONSTANT  shift 187
	.  error


state 172
	print_params : IDENTIFIER .  (105)
	print_params : IDENTIFIER . COMMA print_params  (106)

	COMMA  shift 188
	RIGHT_ROUND  reduce 105


state 173
	print_statement : PRINTF_TOKEN LEFT_ROUND STRING_LITERAL COMMA print_params . RIGHT_ROUND SEMICOLON  (104)

	RIGHT_ROUND  shift 189
	.  error


state 174
	print_statement : PRINTF_TOKEN LEFT_ROUND STRING_LITERAL RIGHT_ROUND SEMICOLON .  (103)

	.  reduce 103


state 175
	addr : AMPERSAND . IDENTIFIER  (110)

	IDENTIFIER  shift 190
	.  error


state 176
	scanf_statement : SCANF_TOKEN LEFT_ROUND STRING_LITERAL COMMA addr_list . RIGHT_ROUND SEMICOLON  (107)

	RIGHT_ROUND  shift 191
	.  error


state 177
	addr_list : addr .  (108)
	addr_list : addr . COMMA addr_list  (109)

	COMMA  shift 192
	RIGHT_ROUND  reduce 108


state 178
	declarator_arr : IDENTIFIER LEFT_SQUARE expression_statement RIGHT_SQUARE .  (100)
	declarator_arr : IDENTIFIER LEFT_SQUARE expression_statement RIGHT_SQUARE . LEFT_SQUARE expression_statement RIGHT_SQUARE  (101)

	LEFT_SQUARE  shift 193
	SEMICOLON  reduce 100
	COMMA  reduce 100


state 179
	for_loop_assignment : assignment_statement COMMA . for_loop_assignment  (88)
	for_loop_assignment : .  (89)

	IDENTIFIER  shift 163
	RIGHT_ROUND  reduce 89

	assignment_statement  goto 164
	arr_element  goto 165
	for_loop_assignment  goto 194


state 180
	for_statement : FOR LEFT_ROUND for_loop_declaration expr for_loop_assignment RIGHT_ROUND . statement_list  (92)

	BREAK  shift 31
	CHAR  shift 1
	CONTINUE  shift 32
	FLOAT  shift 2
	FOR  shift 33
	IF  shift 34
	RETURN  shift 35
	INT  shift 26
	SWITCH  shift 36
	WHILE  shift 37
	IDENTIFIER  shift 38
	STRING_LITERAL  shift 39
	I_CONSTANT  shift 40
	F_CONSTANT  shift 41
	SEMICOLON  shift 42
	LEFT_CURLY  shift 21
	LEFT_ROUND  shift 44
	EXCLAMATION  shift 45
	HYPHEN  shift 46
	PRINTF_TOKEN  shift 47
	SCANF_TOKEN  shift 48
	.  error

	compound_statement  goto 49
	var_type  goto 50
	statement_list  goto 195
	single_statement  goto 52
	switch_statment  goto 53
	expr  goto 54
	if_statement  goto 55
	print_statement  goto 56
	scanf_statement  goto 57
	for_statement  goto 58
	return_statement  goto 59
	while_statement  goto 60
	jump_statement  goto 61
	declaration  goto 62
	expression_statement  goto 63
	unary_expr  goto 64
	assignment_statement  goto 65
	functional_call  goto 66
	arr_element  goto 67


state 181
	else_clause : ELSE . single_statement  (85)

	BREAK  shift 31
	CHAR  shift 1
	CONTINUE  shift 32
	FLOAT  shift 2
	FOR  shift 33
	IF  shift 34
	RETURN  shift 35
	INT  shift 26
	SWITCH  shift 36
	WHILE  shift 37
	IDENTIFIER  shift 38
	STRING_LITERAL  shift 39
	I_CONSTANT  shift 40
	F_CONSTANT  shift 41
	SEMICOLON  shift 42
	LEFT_CURLY  shift 21
	LEFT_ROUND  shift 44
	EXCLAMATION  shift 45
	HYPHEN  shift 46
	PRINTF_TOKEN  shift 47
	SCANF_TOKEN  shift 48
	.  error

	compound_statement  goto 49
	var_type  goto 50
	single_statement  goto 196
	switch_statment  goto 53
	expr  goto 54
	if_statement  goto 55
	print_statement  goto 56
	scanf_statement  goto 57
	for_statement  goto 58
	return_statement  goto 59
	while_statement  goto 60
	jump_statement  goto 61
	declaration  goto 62
	expression_statement  goto 63
	unary_expr  goto 64
	assignment_statement  goto 65
	functional_call  goto 66
	arr_element  goto 67


state 182
	if_statement : IF LEFT_ROUND expression_statement RIGHT_ROUND single_statement else_clause .  (84)

	.  reduce 84


state 183
	case : CASE . expression_statement COLON statement_list  (80)
	case : CASE . expression_statement COLON  (81)

	IDENTIFIER  shift 38
	STRING_LITERAL  shift 39
	I_CONSTANT  shift 40
	F_CONSTANT  shift 41
	LEFT_ROUND  shift 44
	EXCLAMATION  shift 45
	HYPHEN  shift 46
	.  error

	expression_statement  goto 197
	unary_expr  goto 64
	assignment_statement  goto 65
	functional_call  goto 66
	arr_element  goto 67


state 184
	switch_statment : SWITCH LEFT_ROUND expression_statement RIGHT_ROUND LEFT_CURLY case_list_def . RIGHT_CURLY  (74)

	RIGHT_CURLY  shift 198
	.  error


state 185
	case_list_def : case_list .  (75)
	case_list_def : case_list . default_stmt  (76)
	case_list : case_list . case  (79)

	CASE  shift 183
	DEFAULT  shift 199
	RIGHT_CURLY  reduce 75

	default_stmt  goto 200
	case  goto 201


state 186
	case_list : case .  (78)

	.  reduce 78


state 187
	arr_element : IDENTIFIER LEFT_SQUARE I_CONSTANT RIGHT_SQUARE LEFT_SQUARE I_CONSTANT . RIGHT_SQUARE  (71)

	RIGHT_SQUARE  shift 202
	.  error


state 188
	print_params : IDENTIFIER COMMA . print_params  (106)

	IDENTIFIER  shift 172
	.  error

	print_params  goto 203


state 189
	print_statement : PRINTF_TOKEN LEFT_ROUND STRING_LITERAL COMMA print_params RIGHT_ROUND . SEMICOLON  (104)

	SEMICOLON  shift 204
	.  error


state 190
	addr : AMPERSAND IDENTIFIER .  (110)

	.  reduce 110


state 191
	scanf_statement : SCANF_TOKEN LEFT_ROUND STRING_LITERAL COMMA addr_list RIGHT_ROUND . SEMICOLON  (107)

	SEMICOLON  shift 205
	.  error


state 192
	addr_list : addr COMMA . addr_list  (109)

	AMPERSAND  shift 175
	.  error

	addr_list  goto 206
	addr  goto 177


state 193
	declarator_arr : IDENTIFIER LEFT_SQUARE expression_statement RIGHT_SQUARE LEFT_SQUARE . expression_statement RIGHT_SQUARE  (101)

	IDENTIFIER  shift 38
	STRING_LITERAL  shift 39
	I_CONSTANT  shift 40
	F_CONSTANT  shift 41
	LEFT_ROUND  shift 44
	EXCLAMATION  shift 45
	HYPHEN  shift 46
	.  error

	expression_statement  goto 207
	unary_expr  goto 64
	assignment_statement  goto 65
	functional_call  goto 66
	arr_element  goto 67


state 194
	for_loop_assignment : assignment_statement COMMA for_loop_assignment .  (88)

	.  reduce 88


state 195
	for_statement : FOR LEFT_ROUND for_loop_declaration expr for_loop_assignment RIGHT_ROUND statement_list .  (92)

	.  reduce 92


state 196
	else_clause : ELSE single_statement .  (85)

	.  reduce 85


state 197
	expression_statement : expression_statement . OR_OP expression_statement  (38)
	expression_statement : expression_statement . AND_OP expression_statement  (39)
	expression_statement : expression_statement . GT_OP expression_statement  (40)
	expression_statement : expression_statement . LT_OP expression_statement  (41)
	expression_statement : expression_statement . GE_OP expression_statement  (42)
	expression_statement : expression_statement . LE_OP expression_statement  (43)
	expression_statement : expression_statement . PLUS expression_statement  (44)
	expression_statement : expression_statement . HYPHEN expression_statement  (45)
	expression_statement : expression_statement . STAR expression_statement  (46)
	expression_statement : expression_statement . SLASH expression_statement  (47)
	expression_statement : expression_statement . PERCENT expression_statement  (48)
	expression_statement : expression_statement . EQ_OP expression_statement  (49)
	expression_statement : expression_statement . NE_OP expression_statement  (50)
	case : CASE expression_statement . COLON statement_list  (80)
	case : CASE expression_statement . COLON  (81)

	AND_OP  shift 96
	OR_OP  shift 97
	LE_OP  shift 98
	GE_OP  shift 99
	EQ_OP  shift 100
	NE_OP  shift 101
	COLON  shift 208
	HYPHEN  shift 103
	PLUS  shift 104
	STAR  shift 105
	SLASH  shift 106
	LT_OP  shift 107
	GT_OP  shift 108
	PERCENT  shift 109
	.  error


state 198
	switch_statment : SWITCH LEFT_ROUND expression_statement RIGHT_ROUND LEFT_CURLY case_list_def RIGHT_CURLY .  (74)

	.  reduce 74


state 199
	default_stmt : DEFAULT . COLON statement_list  (82)
	default_stmt : DEFAULT . COLON  (83)

	COLON  shift 209
	.  error


state 200
	case_list_def : case_list default_stmt .  (76)

	.  reduce 76


state 201
	case_list : case_list case .  (79)

	.  reduce 79


state 202
	arr_element : IDENTIFIER LEFT_SQUARE I_CONSTANT RIGHT_SQUARE LEFT_SQUARE I_CONSTANT RIGHT_SQUARE .  (71)

	.  reduce 71


state 203
	print_params : IDENTIFIER COMMA print_params .  (106)

	.  reduce 106


state 204
	print_statement : PRINTF_TOKEN LEFT_ROUND STRING_LITERAL COMMA print_params RIGHT_ROUND SEMICOLON .  (104)

	.  reduce 104


state 205
	scanf_statement : SCANF_TOKEN LEFT_ROUND STRING_LITERAL COMMA addr_list RIGHT_ROUND SEMICOLON .  (107)

	.  reduce 107


state 206
	addr_list : addr COMMA addr_list .  (109)

	.  reduce 109


state 207
	expression_statement : expression_statement . OR_OP expression_statement  (38)
	expression_statement : expression_statement . AND_OP expression_statement  (39)
	expression_statement : expression_statement . GT_OP expression_statement  (40)
	expression_statement : expression_statement . LT_OP expression_statement  (41)
	expression_statement : expression_statement . GE_OP expression_statement  (42)
	expression_statement : expression_statement . LE_OP expression_statement  (43)
	expression_statement : expression_statement . PLUS expression_statement  (44)
	expression_statement : expression_statement . HYPHEN expression_statement  (45)
	expression_statement : expression_statement . STAR expression_statement  (46)
	expression_statement : expression_statement . SLASH expression_statement  (47)
	expression_statement : expression_statement . PERCENT expression_statement  (48)
	expression_statement : expression_statement . EQ_OP expression_statement  (49)
	expression_statement : expression_statement . NE_OP expression_statement  (50)
	declarator_arr : IDENTIFIER LEFT_SQUARE expression_statement RIGHT_SQUARE LEFT_SQUARE expression_statement . RIGHT_SQUARE  (101)

	AND_OP  shift 96
	OR_OP  shift 97
	LE_OP  shift 98
	GE_OP  shift 99
	EQ_OP  shift 100
	NE_OP  shift 101
	RIGHT_SQUARE  shift 210
	HYPHEN  shift 103
	PLUS  shift 104
	STAR  shift 105
	SLASH  shift 106
	LT_OP  shift 107
	GT_OP  shift 108
	PERCENT  shift 109
	.  error


state 208
	case : CASE expression_statement COLON . statement_list  (80)
	case : CASE expression_statement COLON .  (81)

	BREAK  shift 31
	CHAR  shift 1
	CONTINUE  shift 32
	FLOAT  shift 2
	FOR  shift 33
	IF  shift 34
	RETURN  shift 35
	INT  shift 26
	SWITCH  shift 36
	WHILE  shift 37
	IDENTIFIER  shift 38
	STRING_LITERAL  shift 39
	I_CONSTANT  shift 40
	F_CONSTANT  shift 41
	SEMICOLON  shift 42
	LEFT_CURLY  shift 21
	LEFT_ROUND  shift 44
	EXCLAMATION  shift 45
	HYPHEN  shift 46
	PRINTF_TOKEN  shift 47
	SCANF_TOKEN  shift 48
	CASE  reduce 81
	DEFAULT  reduce 81
	RIGHT_CURLY  reduce 81

	compound_statement  goto 49
	var_type  goto 50
	statement_list  goto 211
	single_statement  goto 52
	switch_statment  goto 53
	expr  goto 54
	if_statement  goto 55
	print_statement  goto 56
	scanf_statement  goto 57
	for_statement  goto 58
	return_statement  goto 59
	while_statement  goto 60
	jump_statement  goto 61
	declaration  goto 62
	expression_statement  goto 63
	unary_expr  goto 64
	assignment_statement  goto 65
	functional_call  goto 66
	arr_element  goto 67


state 209
	default_stmt : DEFAULT COLON . statement_list  (82)
	default_stmt : DEFAULT COLON .  (83)

	BREAK  shift 31
	CHAR  shift 1
	CONTINUE  shift 32
	FLOAT  shift 2
	FOR  shift 33
	IF  shift 34
	RETURN  shift 35
	INT  shift 26
	SWITCH  shift 36
	WHILE  shift 37
	IDENTIFIER  shift 38
	STRING_LITERAL  shift 39
	I_CONSTANT  shift 40
	F_CONSTANT  shift 41
	SEMICOLON  shift 42
	LEFT_CURLY  shift 21
	LEFT_ROUND  shift 44
	EXCLAMATION  shift 45
	HYPHEN  shift 46
	PRINTF_TOKEN  shift 47
	SCANF_TOKEN  shift 48
	RIGHT_CURLY  reduce 83

	compound_statement  goto 49
	var_type  goto 50
	statement_list  goto 212
	single_statement  goto 52
	switch_statment  goto 53
	expr  goto 54
	if_statement  goto 55
	print_statement  goto 56
	scanf_statement  goto 57
	for_statement  goto 58
	return_statement  goto 59
	while_statement  goto 60
	jump_statement  goto 61
	declaration  goto 62
	expression_statement  goto 63
	unary_expr  goto 64
	assignment_statement  goto 65
	functional_call  goto 66
	arr_element  goto 67


state 210
	declarator_arr : IDENTIFIER LEFT_SQUARE expression_statement RIGHT_SQUARE LEFT_SQUARE expression_statement RIGHT_SQUARE .  (101)

	.  reduce 101


state 211
	case : CASE expression_statement COLON statement_list .  (80)

	.  reduce 80


state 212
	default_stmt : DEFAULT COLON statement_list .  (82)

	.  reduce 82


State 52 contains 21 shift/reduce conflicts.
State 167 contains 1 shift/reduce conflict.


50 terminals, 43 nonterminals
111 grammar rules, 213 states
